0 info it worked if it ends with ok
1 verbose cli [ 'C:\\Program Files\\nodejs\\node.exe',
1 verbose cli   'C:\\Program Files\\nodejs\\node_modules\\npm\\bin\\npm-cli.js',
1 verbose cli   'install' ]
2 info using npm@3.10.9
3 info using node@v6.9.2
4 warn invalid config proxy="http:localhost:3000"
5 warn invalid config Must be a full url with 'http://'
6 silly loadCurrentTree Starting
7 silly install loadCurrentTree
8 silly install readLocalPackageData
9 silly install normalizeTree
10 silly loadCurrentTree Finishing
11 silly loadIdealTree Starting
12 silly install loadIdealTree
13 silly cloneCurrentTree Starting
14 silly install cloneCurrentTreeToIdealTree
15 silly cloneCurrentTree Finishing
16 silly loadShrinkwrap Starting
17 silly install loadShrinkwrap
18 silly loadShrinkwrap Finishing
19 silly loadAllDepsIntoIdealTree Starting
20 silly install loadAllDepsIntoIdealTree
21 silly fetchNamedPackageData fsevents
22 silly mapToRegistry name fsevents
23 silly mapToRegistry using default registry
24 silly mapToRegistry registry https://registry.npmjs.org/
25 silly mapToRegistry data Result {
25 silly mapToRegistry   raw: 'fsevents',
25 silly mapToRegistry   scope: null,
25 silly mapToRegistry   escapedName: 'fsevents',
25 silly mapToRegistry   name: 'fsevents',
25 silly mapToRegistry   rawSpec: '',
25 silly mapToRegistry   spec: 'latest',
25 silly mapToRegistry   type: 'tag' }
26 silly mapToRegistry uri https://registry.npmjs.org/fsevents
27 verbose request uri https://registry.npmjs.org/fsevents
28 verbose request no auth needed
29 info attempt registry request try #1 at 11:10:13 PM
30 verbose request id c9b1badda3966ca9
31 verbose etag W/"597215e7-dd9a"
32 verbose lastModified Fri, 21 Jul 2017 14:55:35 GMT
33 http request GET https://registry.npmjs.org/fsevents
34 http 304 https://registry.npmjs.org/fsevents
35 verbose headers { date: 'Tue, 05 Sep 2017 13:10:13 GMT',
35 verbose headers   via: '1.1 varnish',
35 verbose headers   'cache-control': 'max-age=300',
35 verbose headers   etag: 'W/"597215e7-dd9a"',
35 verbose headers   age: '298',
35 verbose headers   connection: 'keep-alive',
35 verbose headers   'x-served-by': 'cache-mel6524-MEL',
35 verbose headers   'x-cache': 'HIT',
35 verbose headers   'x-cache-hits': '2',
35 verbose headers   'x-timer': 'S1504617014.690307,VS0,VE0',
35 verbose headers   vary: 'Accept-Encoding, Accept' }
36 silly get cb [ 304,
36 silly get   { date: 'Tue, 05 Sep 2017 13:10:13 GMT',
36 silly get     via: '1.1 varnish',
36 silly get     'cache-control': 'max-age=300',
36 silly get     etag: 'W/"597215e7-dd9a"',
36 silly get     age: '298',
36 silly get     connection: 'keep-alive',
36 silly get     'x-served-by': 'cache-mel6524-MEL',
36 silly get     'x-cache': 'HIT',
36 silly get     'x-cache-hits': '2',
36 silly get     'x-timer': 'S1504617014.690307,VS0,VE0',
36 silly get     vary: 'Accept-Encoding, Accept' } ]
37 verbose etag https://registry.npmjs.org/fsevents from cache
38 verbose get saving fsevents to C:\Users\admin\AppData\Roaming\npm-cache\registry.npmjs.org\fsevents\.cache.json
39 verbose correctMkdir C:\Users\admin\AppData\Roaming\npm-cache correctMkdir not in flight; initializing
40 silly resolveWithNewModule fsevents@1.1.2 checking installable status
41 silly loadAllDepsIntoIdealTree Finishing
42 silly loadIdealTree Finishing
43 silly currentTree publicfeed@1.0.0
43 silly currentTree +-- @types/jasmine@2.5.54
43 silly currentTree +-- @types/node@6.0.88
43 silly currentTree +-- @types/q@0.0.32
43 silly currentTree +-- @types/selenium-webdriver@2.53.37
43 silly currentTree +-- accepts@1.3.4
43 silly currentTree +-- adm-zip@0.4.7
43 silly currentTree +-- after@0.8.2
43 silly currentTree +-- agent-base@2.1.1
43 silly currentTree | `-- semver@5.0.3
43 silly currentTree +-- ajv@4.11.8
43 silly currentTree +-- ansi-regex@2.1.1
43 silly currentTree +-- ansi-styles@2.2.1
43 silly currentTree +-- anymatch@1.3.2
43 silly currentTree +-- arr-diff@2.0.0
43 silly currentTree +-- arr-flatten@1.1.0
43 silly currentTree +-- array-flatten@1.1.1
43 silly currentTree +-- array-slice@0.2.3
43 silly currentTree +-- array-union@1.0.2
43 silly currentTree +-- array-uniq@1.0.3
43 silly currentTree +-- array-unique@0.2.1
43 silly currentTree +-- arraybuffer.slice@0.0.6
43 silly currentTree +-- arrify@1.0.1
43 silly currentTree +-- asn1@0.2.3
43 silly currentTree +-- assert-plus@0.2.0
43 silly currentTree +-- async-each@1.0.1
43 silly currentTree +-- async@0.9.0
43 silly currentTree +-- asynckit@0.4.0
43 silly currentTree +-- aws-sign2@0.6.0
43 silly currentTree +-- aws4@1.6.0
43 silly currentTree +-- backo2@1.0.2
43 silly currentTree +-- balanced-match@1.0.0
43 silly currentTree +-- base64-arraybuffer@0.1.5
43 silly currentTree +-- base64id@1.0.0
43 silly currentTree +-- basic-auth@1.0.4
43 silly currentTree +-- batch@0.5.3
43 silly currentTree +-- bcrypt-pbkdf@1.0.1
43 silly currentTree +-- better-assert@1.0.2
43 silly currentTree +-- binary-extensions@1.10.0
43 silly currentTree +-- blob@0.0.4
43 silly currentTree +-- bluebird@2.11.0
43 silly currentTree +-- body-parser@1.16.1
43 silly currentTree | `-- debug@2.6.1
43 silly currentTree +-- boom@2.10.1
43 silly currentTree +-- bower@1.8.0
43 silly currentTree +-- brace-expansion@1.1.8
43 silly currentTree +-- braces@1.8.5
43 silly currentTree +-- bson@1.0.4
43 silly currentTree +-- buffer-shims@1.0.0
43 silly currentTree +-- bytes@2.4.0
43 silly currentTree +-- callsite@1.0.0
43 silly currentTree +-- caseless@0.12.0
43 silly currentTree +-- chalk@1.1.3
43 silly currentTree +-- chokidar@1.7.0
43 silly currentTree +-- co@4.6.0
43 silly currentTree +-- colors@1.0.3
43 silly currentTree +-- combined-stream@1.0.5
43 silly currentTree +-- component-bind@1.0.0
43 silly currentTree +-- component-emitter@1.1.2
43 silly currentTree +-- component-inherit@0.0.3
43 silly currentTree +-- concat-map@0.0.1
43 silly currentTree +-- connect@3.6.3
43 silly currentTree | `-- finalhandler@1.0.4
43 silly currentTree +-- content-disposition@0.5.2
43 silly currentTree +-- content-type@1.0.2
43 silly currentTree +-- cookie-parser@1.4.3
43 silly currentTree +-- cookie-signature@1.0.6
43 silly currentTree +-- cookie@0.3.1
43 silly currentTree +-- core-js@2.5.1
43 silly currentTree +-- core-util-is@1.0.2
43 silly currentTree +-- corser@2.0.1
43 silly currentTree +-- cryptiles@2.0.5
43 silly currentTree +-- custom-event@1.0.1
43 silly currentTree +-- dashdash@1.14.1
43 silly currentTree | `-- assert-plus@1.0.0
43 silly currentTree +-- debug@2.6.8
43 silly currentTree | `-- ms@2.0.0
43 silly currentTree +-- del@2.2.2
43 silly currentTree +-- delayed-stream@1.0.0
43 silly currentTree +-- depd@1.1.1
43 silly currentTree +-- destroy@1.0.4
43 silly currentTree +-- di@0.0.1
43 silly currentTree +-- dom-serialize@2.2.1
43 silly currentTree +-- ecc-jsbn@0.1.1
43 silly currentTree +-- ecstatic@1.4.1
43 silly currentTree +-- ee-first@1.1.1
43 silly currentTree +-- encodeurl@1.0.1
43 silly currentTree +-- engine.io-client@1.8.4
43 silly currentTree | +-- component-emitter@1.2.1
43 silly currentTree | +-- debug@2.3.3
43 silly currentTree | `-- ws@1.1.2
43 silly currentTree +-- engine.io-parser@1.3.2
43 silly currentTree +-- engine.io@1.8.4
43 silly currentTree | +-- accepts@1.3.3
43 silly currentTree | `-- debug@2.3.3
43 silly currentTree +-- ent@2.2.0
43 silly currentTree +-- es6-promise@3.2.1
43 silly currentTree +-- escape-html@1.0.3
43 silly currentTree +-- escape-string-regexp@1.0.5
43 silly currentTree +-- etag@1.7.0
43 silly currentTree +-- eventemitter3@1.2.0
43 silly currentTree +-- exit@0.1.2
43 silly currentTree +-- expand-braces@0.1.2
43 silly currentTree | +-- braces@0.1.5
43 silly currentTree | +-- expand-range@0.1.1
43 silly currentTree | +-- is-number@0.1.1
43 silly currentTree | `-- repeat-string@0.2.2
43 silly currentTree +-- expand-brackets@0.1.5
43 silly currentTree +-- expand-range@1.8.2
43 silly currentTree +-- express@4.14.1
43 silly currentTree | +-- debug@2.2.0
43 silly currentTree | +-- ms@0.7.1
43 silly currentTree | `-- qs@6.2.0
43 silly currentTree +-- extend@3.0.1
43 silly currentTree +-- extglob@0.3.2
43 silly currentTree +-- extsprintf@1.3.0
43 silly currentTree +-- filename-regex@2.0.1
43 silly currentTree +-- fill-range@2.2.3
43 silly currentTree +-- finalhandler@0.5.1
43 silly currentTree | +-- debug@2.2.0
43 silly currentTree | `-- ms@0.7.1
43 silly currentTree +-- for-in@1.0.2
43 silly currentTree +-- for-own@0.1.5
43 silly currentTree +-- forever-agent@0.6.1
43 silly currentTree +-- form-data@2.1.4
43 silly currentTree +-- forwarded@0.1.0
43 silly currentTree +-- fresh@0.3.0
43 silly currentTree +-- fs-access@1.0.1
43 silly currentTree +-- fs.realpath@1.0.0
43 silly currentTree +-- getpass@0.1.7
43 silly currentTree | `-- assert-plus@1.0.0
43 silly currentTree +-- gitbook-plugin-github@2.0.0
43 silly currentTree +-- glob-base@0.3.0
43 silly currentTree +-- glob-parent@2.0.0
43 silly currentTree +-- glob@7.1.2
43 silly currentTree +-- globby@5.0.0
43 silly currentTree +-- graceful-fs@4.1.11
43 silly currentTree +-- har-schema@1.0.5
43 silly currentTree +-- har-validator@4.2.1
43 silly currentTree +-- has-ansi@2.0.0
43 silly currentTree +-- has-binary@0.1.7
43 silly currentTree | `-- isarray@0.0.1
43 silly currentTree +-- has-cors@1.1.0
43 silly currentTree +-- hawk@3.1.3
43 silly currentTree +-- he@0.5.0
43 silly currentTree +-- hoek@2.16.3
43 silly currentTree +-- http-errors@1.5.1
43 silly currentTree +-- http-proxy@1.16.2
43 silly currentTree +-- http-server@0.9.0
43 silly currentTree +-- http-signature@1.1.1
43 silly currentTree +-- https-proxy-agent@1.0.0
43 silly currentTree +-- iconv-lite@0.4.15
43 silly currentTree +-- indexof@0.0.1
43 silly currentTree +-- inflight@1.0.6
43 silly currentTree +-- inherits@2.0.3
43 silly currentTree +-- ini@1.3.4
43 silly currentTree +-- ipaddr.js@1.4.0
43 silly currentTree +-- is-binary-path@1.0.1
43 silly currentTree +-- is-buffer@1.1.5
43 silly currentTree +-- is-dotfile@1.0.3
43 silly currentTree +-- is-equal-shallow@0.1.3
43 silly currentTree +-- is-extendable@0.1.1
43 silly currentTree +-- is-extglob@1.0.0
43 silly currentTree +-- is-glob@2.0.1
43 silly currentTree +-- is-number@2.1.0
43 silly currentTree +-- is-path-cwd@1.0.0
43 silly currentTree +-- is-path-in-cwd@1.0.0
43 silly currentTree +-- is-path-inside@1.0.0
43 silly currentTree +-- is-posix-bracket@0.1.1
43 silly currentTree +-- is-primitive@2.0.0
43 silly currentTree +-- is-typedarray@1.0.0
43 silly currentTree +-- isarray@1.0.0
43 silly currentTree +-- isbinaryfile@3.0.2
43 silly currentTree +-- isexe@2.0.0
43 silly currentTree +-- isobject@2.1.0
43 silly currentTree +-- isstream@0.1.2
43 silly currentTree +-- jasmine-core@2.8.0
43 silly currentTree +-- jasmine@2.4.1
43 silly currentTree | +-- glob@3.2.11
43 silly currentTree | +-- jasmine-core@2.4.1
43 silly currentTree | `-- minimatch@0.3.0
43 silly currentTree +-- jasminewd2@0.0.10
43 silly currentTree +-- jsbn@0.1.1
43 silly currentTree +-- json-schema@0.2.3
43 silly currentTree +-- json-stable-stringify@1.0.1
43 silly currentTree +-- json-stringify-safe@5.0.1
43 silly currentTree +-- json3@3.3.2
43 silly currentTree +-- jsonify@0.0.0
43 silly currentTree +-- jsprim@1.4.1
43 silly currentTree | `-- assert-plus@1.0.0
43 silly currentTree +-- karma-chrome-launcher@0.2.3
43 silly currentTree +-- karma-firefox-launcher@0.1.7
43 silly currentTree +-- karma-jasmine@0.3.8
43 silly currentTree +-- karma-junit-reporter@0.4.2
43 silly currentTree +-- karma@0.13.22
43 silly currentTree | `-- colors@1.1.2
43 silly currentTree +-- kind-of@3.2.2
43 silly currentTree +-- lodash@3.10.1
43 silly currentTree +-- log4js@0.6.38
43 silly currentTree | +-- isarray@0.0.1
43 silly currentTree | +-- readable-stream@1.0.34
43 silly currentTree | `-- string_decoder@0.10.31
43 silly currentTree +-- lru-cache@2.2.4
43 silly currentTree +-- media-typer@0.3.0
43 silly currentTree +-- merge-descriptors@1.0.1
43 silly currentTree +-- methods@1.1.2
43 silly currentTree +-- micromatch@2.3.11
43 silly currentTree +-- mime-db@1.30.0
43 silly currentTree +-- mime-types@2.1.17
43 silly currentTree +-- mime@1.3.4
43 silly currentTree +-- minimatch@3.0.4
43 silly currentTree +-- minimist@1.2.0
43 silly currentTree +-- mkdirp@0.5.1
43 silly currentTree | `-- minimist@0.0.8
43 silly currentTree +-- mongodb-core@2.1.15
43 silly currentTree +-- mongodb@2.2.31
43 silly currentTree | `-- readable-stream@2.2.7
43 silly currentTree +-- monk@4.1.0
43 silly currentTree +-- morgan@1.7.0
43 silly currentTree | +-- debug@2.2.0
43 silly currentTree | `-- ms@0.7.1
43 silly currentTree +-- ms@0.7.2
43 silly currentTree +-- negotiator@0.6.1
43 silly currentTree +-- normalize-path@2.1.1
43 silly currentTree +-- null-check@1.0.0
43 silly currentTree +-- oauth-sign@0.8.2
43 silly currentTree +-- object-assign@4.1.0
43 silly currentTree +-- object-component@0.0.3
43 silly currentTree +-- object.omit@2.0.1
43 silly currentTree +-- on-finished@2.3.0
43 silly currentTree +-- on-headers@1.0.1
43 silly currentTree +-- once@1.4.0
43 silly currentTree +-- opener@1.4.3
43 silly currentTree +-- optimist@0.6.1
43 silly currentTree | `-- minimist@0.0.10
43 silly currentTree +-- options@0.0.6
43 silly currentTree +-- os-tmpdir@1.0.2
43 silly currentTree +-- parse-glob@3.0.4
43 silly currentTree +-- parsejson@0.0.3
43 silly currentTree +-- parseqs@0.0.5
43 silly currentTree +-- parseuri@0.0.5
43 silly currentTree +-- parseurl@1.3.1
43 silly currentTree +-- path-is-absolute@1.0.1
43 silly currentTree +-- path-is-inside@1.0.2
43 silly currentTree +-- path-to-regexp@0.1.7
43 silly currentTree +-- performance-now@0.2.0
43 silly currentTree +-- pify@2.3.0
43 silly currentTree +-- pinkie-promise@2.0.1
43 silly currentTree +-- pinkie@2.0.4
43 silly currentTree +-- portfinder@0.4.0
43 silly currentTree +-- preserve@0.2.0
43 silly currentTree +-- process-nextick-args@1.0.7
43 silly currentTree +-- protractor@4.0.14
43 silly currentTree | +-- semver@5.4.1
43 silly currentTree | `-- webdriver-manager@10.3.0
43 silly currentTree +-- proxy-addr@1.1.5
43 silly currentTree +-- punycode@1.4.1
43 silly currentTree +-- q@1.4.1
43 silly currentTree +-- qs@6.2.1
43 silly currentTree +-- randomatic@1.1.7
43 silly currentTree | +-- is-number@3.0.0
43 silly currentTree | | `-- kind-of@3.2.2
43 silly currentTree | `-- kind-of@4.0.0
43 silly currentTree +-- range-parser@1.2.0
43 silly currentTree +-- raw-body@2.2.0
43 silly currentTree +-- readable-stream@2.3.3
43 silly currentTree +-- readdirp@2.1.0
43 silly currentTree +-- regex-cache@0.4.4
43 silly currentTree +-- remove-trailing-separator@1.1.0
43 silly currentTree +-- repeat-element@1.1.2
43 silly currentTree +-- repeat-string@1.6.1
43 silly currentTree +-- request@2.81.0
43 silly currentTree | `-- qs@6.4.0
43 silly currentTree +-- require_optional@1.0.1
43 silly currentTree | `-- semver@5.4.1
43 silly currentTree +-- requires-port@1.0.0
43 silly currentTree +-- resolve-from@2.0.0
43 silly currentTree +-- rimraf@2.6.1
43 silly currentTree +-- safe-buffer@5.1.1
43 silly currentTree +-- saucelabs@1.3.0
43 silly currentTree +-- sax@0.6.1
43 silly currentTree +-- selenium-webdriver@2.53.3
43 silly currentTree | +-- adm-zip@0.4.4
43 silly currentTree | `-- tmp@0.0.24
43 silly currentTree +-- semver@4.3.6
43 silly currentTree +-- send@0.14.2
43 silly currentTree | `-- debug@2.2.0
43 silly currentTree |   `-- ms@0.7.1
43 silly currentTree +-- serve-favicon@2.3.2
43 silly currentTree +-- serve-static@1.11.2
43 silly currentTree +-- set-immediate-shim@1.0.1
43 silly currentTree +-- setprototypeof@1.0.2
43 silly currentTree +-- sigmund@1.0.1
43 silly currentTree +-- sntp@1.0.9
43 silly currentTree +-- socket.io-adapter@0.5.0
43 silly currentTree | `-- debug@2.3.3
43 silly currentTree +-- socket.io-client@1.7.4
43 silly currentTree | +-- component-emitter@1.2.1
43 silly currentTree | `-- debug@2.3.3
43 silly currentTree +-- socket.io-parser@2.3.1
43 silly currentTree | +-- debug@2.2.0
43 silly currentTree | +-- isarray@0.0.1
43 silly currentTree | `-- ms@0.7.1
43 silly currentTree +-- socket.io@1.7.4
43 silly currentTree | `-- debug@2.3.3
43 silly currentTree +-- source-map-support@0.4.17
43 silly currentTree +-- source-map@0.5.7
43 silly currentTree +-- sshpk@1.13.1
43 silly currentTree | `-- assert-plus@1.0.0
43 silly currentTree +-- statuses@1.3.1
43 silly currentTree +-- string_decoder@1.0.3
43 silly currentTree +-- stringstream@0.0.5
43 silly currentTree +-- strip-ansi@3.0.1
43 silly currentTree +-- supports-color@2.0.0
43 silly currentTree +-- tmp@0.0.33
43 silly currentTree +-- to-array@0.1.4
43 silly currentTree +-- tough-cookie@2.3.2
43 silly currentTree +-- tunnel-agent@0.6.0
43 silly currentTree +-- tweetnacl@0.14.5
43 silly currentTree +-- type-is@1.6.15
43 silly currentTree +-- ultron@1.0.2
43 silly currentTree +-- union@0.4.6
43 silly currentTree | `-- qs@2.3.3
43 silly currentTree +-- unpipe@1.0.0
43 silly currentTree +-- url-join@1.1.0
43 silly currentTree +-- useragent@2.2.1
43 silly currentTree +-- util-deprecate@1.0.2
43 silly currentTree +-- utils-merge@1.0.0
43 silly currentTree +-- uuid@3.1.0
43 silly currentTree +-- vary@1.1.1
43 silly currentTree +-- verror@1.10.0
43 silly currentTree | `-- assert-plus@1.0.0
43 silly currentTree +-- void-elements@2.0.1
43 silly currentTree +-- which@1.3.0
43 silly currentTree +-- wordwrap@0.0.3
43 silly currentTree +-- wrappy@1.0.2
43 silly currentTree +-- ws@1.1.4
43 silly currentTree +-- wtf-8@1.0.0
43 silly currentTree +-- xml2js@0.4.4
43 silly currentTree +-- xmlbuilder@3.1.0
43 silly currentTree +-- xmlhttprequest-ssl@1.5.3
43 silly currentTree `-- yeast@0.1.2
44 silly idealTree publicfeed@1.0.0
44 silly idealTree +-- @types/jasmine@2.5.54
44 silly idealTree +-- @types/node@6.0.88
44 silly idealTree +-- @types/q@0.0.32
44 silly idealTree +-- @types/selenium-webdriver@2.53.37
44 silly idealTree +-- accepts@1.3.4
44 silly idealTree +-- adm-zip@0.4.7
44 silly idealTree +-- after@0.8.2
44 silly idealTree +-- agent-base@2.1.1
44 silly idealTree | `-- semver@5.0.3
44 silly idealTree +-- ajv@4.11.8
44 silly idealTree +-- ansi-regex@2.1.1
44 silly idealTree +-- ansi-styles@2.2.1
44 silly idealTree +-- anymatch@1.3.2
44 silly idealTree +-- arr-diff@2.0.0
44 silly idealTree +-- arr-flatten@1.1.0
44 silly idealTree +-- array-flatten@1.1.1
44 silly idealTree +-- array-slice@0.2.3
44 silly idealTree +-- array-union@1.0.2
44 silly idealTree +-- array-uniq@1.0.3
44 silly idealTree +-- array-unique@0.2.1
44 silly idealTree +-- arraybuffer.slice@0.0.6
44 silly idealTree +-- arrify@1.0.1
44 silly idealTree +-- asn1@0.2.3
44 silly idealTree +-- assert-plus@0.2.0
44 silly idealTree +-- async-each@1.0.1
44 silly idealTree +-- async@0.9.0
44 silly idealTree +-- asynckit@0.4.0
44 silly idealTree +-- aws-sign2@0.6.0
44 silly idealTree +-- aws4@1.6.0
44 silly idealTree +-- backo2@1.0.2
44 silly idealTree +-- balanced-match@1.0.0
44 silly idealTree +-- base64-arraybuffer@0.1.5
44 silly idealTree +-- base64id@1.0.0
44 silly idealTree +-- basic-auth@1.0.4
44 silly idealTree +-- batch@0.5.3
44 silly idealTree +-- bcrypt-pbkdf@1.0.1
44 silly idealTree +-- better-assert@1.0.2
44 silly idealTree +-- binary-extensions@1.10.0
44 silly idealTree +-- blob@0.0.4
44 silly idealTree +-- bluebird@2.11.0
44 silly idealTree +-- body-parser@1.16.1
44 silly idealTree | `-- debug@2.6.1
44 silly idealTree +-- boom@2.10.1
44 silly idealTree +-- bower@1.8.0
44 silly idealTree +-- brace-expansion@1.1.8
44 silly idealTree +-- braces@1.8.5
44 silly idealTree +-- bson@1.0.4
44 silly idealTree +-- buffer-shims@1.0.0
44 silly idealTree +-- bytes@2.4.0
44 silly idealTree +-- callsite@1.0.0
44 silly idealTree +-- caseless@0.12.0
44 silly idealTree +-- chalk@1.1.3
44 silly idealTree +-- chokidar@1.7.0
44 silly idealTree +-- co@4.6.0
44 silly idealTree +-- colors@1.0.3
44 silly idealTree +-- combined-stream@1.0.5
44 silly idealTree +-- component-bind@1.0.0
44 silly idealTree +-- component-emitter@1.1.2
44 silly idealTree +-- component-inherit@0.0.3
44 silly idealTree +-- concat-map@0.0.1
44 silly idealTree +-- connect@3.6.3
44 silly idealTree | `-- finalhandler@1.0.4
44 silly idealTree +-- content-disposition@0.5.2
44 silly idealTree +-- content-type@1.0.2
44 silly idealTree +-- cookie-parser@1.4.3
44 silly idealTree +-- cookie-signature@1.0.6
44 silly idealTree +-- cookie@0.3.1
44 silly idealTree +-- core-js@2.5.1
44 silly idealTree +-- core-util-is@1.0.2
44 silly idealTree +-- corser@2.0.1
44 silly idealTree +-- cryptiles@2.0.5
44 silly idealTree +-- custom-event@1.0.1
44 silly idealTree +-- dashdash@1.14.1
44 silly idealTree | `-- assert-plus@1.0.0
44 silly idealTree +-- debug@2.6.8
44 silly idealTree | `-- ms@2.0.0
44 silly idealTree +-- del@2.2.2
44 silly idealTree +-- delayed-stream@1.0.0
44 silly idealTree +-- depd@1.1.1
44 silly idealTree +-- destroy@1.0.4
44 silly idealTree +-- di@0.0.1
44 silly idealTree +-- dom-serialize@2.2.1
44 silly idealTree +-- ecc-jsbn@0.1.1
44 silly idealTree +-- ecstatic@1.4.1
44 silly idealTree +-- ee-first@1.1.1
44 silly idealTree +-- encodeurl@1.0.1
44 silly idealTree +-- engine.io-client@1.8.4
44 silly idealTree | +-- component-emitter@1.2.1
44 silly idealTree | +-- debug@2.3.3
44 silly idealTree | `-- ws@1.1.2
44 silly idealTree +-- engine.io-parser@1.3.2
44 silly idealTree +-- engine.io@1.8.4
44 silly idealTree | +-- accepts@1.3.3
44 silly idealTree | `-- debug@2.3.3
44 silly idealTree +-- ent@2.2.0
44 silly idealTree +-- es6-promise@3.2.1
44 silly idealTree +-- escape-html@1.0.3
44 silly idealTree +-- escape-string-regexp@1.0.5
44 silly idealTree +-- etag@1.7.0
44 silly idealTree +-- eventemitter3@1.2.0
44 silly idealTree +-- exit@0.1.2
44 silly idealTree +-- expand-braces@0.1.2
44 silly idealTree | +-- braces@0.1.5
44 silly idealTree | +-- expand-range@0.1.1
44 silly idealTree | +-- is-number@0.1.1
44 silly idealTree | `-- repeat-string@0.2.2
44 silly idealTree +-- expand-brackets@0.1.5
44 silly idealTree +-- expand-range@1.8.2
44 silly idealTree +-- express@4.14.1
44 silly idealTree | +-- debug@2.2.0
44 silly idealTree | +-- ms@0.7.1
44 silly idealTree | `-- qs@6.2.0
44 silly idealTree +-- extend@3.0.1
44 silly idealTree +-- extglob@0.3.2
44 silly idealTree +-- extsprintf@1.3.0
44 silly idealTree +-- filename-regex@2.0.1
44 silly idealTree +-- fill-range@2.2.3
44 silly idealTree +-- finalhandler@0.5.1
44 silly idealTree | +-- debug@2.2.0
44 silly idealTree | `-- ms@0.7.1
44 silly idealTree +-- for-in@1.0.2
44 silly idealTree +-- for-own@0.1.5
44 silly idealTree +-- forever-agent@0.6.1
44 silly idealTree +-- form-data@2.1.4
44 silly idealTree +-- forwarded@0.1.0
44 silly idealTree +-- fresh@0.3.0
44 silly idealTree +-- fs-access@1.0.1
44 silly idealTree +-- fs.realpath@1.0.0
44 silly idealTree +-- getpass@0.1.7
44 silly idealTree | `-- assert-plus@1.0.0
44 silly idealTree +-- gitbook-plugin-github@2.0.0
44 silly idealTree +-- glob-base@0.3.0
44 silly idealTree +-- glob-parent@2.0.0
44 silly idealTree +-- glob@7.1.2
44 silly idealTree +-- globby@5.0.0
44 silly idealTree +-- graceful-fs@4.1.11
44 silly idealTree +-- har-schema@1.0.5
44 silly idealTree +-- har-validator@4.2.1
44 silly idealTree +-- has-ansi@2.0.0
44 silly idealTree +-- has-binary@0.1.7
44 silly idealTree | `-- isarray@0.0.1
44 silly idealTree +-- has-cors@1.1.0
44 silly idealTree +-- hawk@3.1.3
44 silly idealTree +-- he@0.5.0
44 silly idealTree +-- hoek@2.16.3
44 silly idealTree +-- http-errors@1.5.1
44 silly idealTree +-- http-proxy@1.16.2
44 silly idealTree +-- http-server@0.9.0
44 silly idealTree +-- http-signature@1.1.1
44 silly idealTree +-- https-proxy-agent@1.0.0
44 silly idealTree +-- iconv-lite@0.4.15
44 silly idealTree +-- indexof@0.0.1
44 silly idealTree +-- inflight@1.0.6
44 silly idealTree +-- inherits@2.0.3
44 silly idealTree +-- ini@1.3.4
44 silly idealTree +-- ipaddr.js@1.4.0
44 silly idealTree +-- is-binary-path@1.0.1
44 silly idealTree +-- is-buffer@1.1.5
44 silly idealTree +-- is-dotfile@1.0.3
44 silly idealTree +-- is-equal-shallow@0.1.3
44 silly idealTree +-- is-extendable@0.1.1
44 silly idealTree +-- is-extglob@1.0.0
44 silly idealTree +-- is-glob@2.0.1
44 silly idealTree +-- is-number@2.1.0
44 silly idealTree +-- is-path-cwd@1.0.0
44 silly idealTree +-- is-path-in-cwd@1.0.0
44 silly idealTree +-- is-path-inside@1.0.0
44 silly idealTree +-- is-posix-bracket@0.1.1
44 silly idealTree +-- is-primitive@2.0.0
44 silly idealTree +-- is-typedarray@1.0.0
44 silly idealTree +-- isarray@1.0.0
44 silly idealTree +-- isbinaryfile@3.0.2
44 silly idealTree +-- isexe@2.0.0
44 silly idealTree +-- isobject@2.1.0
44 silly idealTree +-- isstream@0.1.2
44 silly idealTree +-- jasmine-core@2.8.0
44 silly idealTree +-- jasmine@2.4.1
44 silly idealTree | +-- glob@3.2.11
44 silly idealTree | +-- jasmine-core@2.4.1
44 silly idealTree | `-- minimatch@0.3.0
44 silly idealTree +-- jasminewd2@0.0.10
44 silly idealTree +-- jsbn@0.1.1
44 silly idealTree +-- json-schema@0.2.3
44 silly idealTree +-- json-stable-stringify@1.0.1
44 silly idealTree +-- json-stringify-safe@5.0.1
44 silly idealTree +-- json3@3.3.2
44 silly idealTree +-- jsonify@0.0.0
44 silly idealTree +-- jsprim@1.4.1
44 silly idealTree | `-- assert-plus@1.0.0
44 silly idealTree +-- karma-chrome-launcher@0.2.3
44 silly idealTree +-- karma-firefox-launcher@0.1.7
44 silly idealTree +-- karma-jasmine@0.3.8
44 silly idealTree +-- karma-junit-reporter@0.4.2
44 silly idealTree +-- karma@0.13.22
44 silly idealTree | `-- colors@1.1.2
44 silly idealTree +-- kind-of@3.2.2
44 silly idealTree +-- lodash@3.10.1
44 silly idealTree +-- log4js@0.6.38
44 silly idealTree | +-- isarray@0.0.1
44 silly idealTree | +-- readable-stream@1.0.34
44 silly idealTree | `-- string_decoder@0.10.31
44 silly idealTree +-- lru-cache@2.2.4
44 silly idealTree +-- media-typer@0.3.0
44 silly idealTree +-- merge-descriptors@1.0.1
44 silly idealTree +-- methods@1.1.2
44 silly idealTree +-- micromatch@2.3.11
44 silly idealTree +-- mime-db@1.30.0
44 silly idealTree +-- mime-types@2.1.17
44 silly idealTree +-- mime@1.3.4
44 silly idealTree +-- minimatch@3.0.4
44 silly idealTree +-- minimist@1.2.0
44 silly idealTree +-- mkdirp@0.5.1
44 silly idealTree | `-- minimist@0.0.8
44 silly idealTree +-- mongodb-core@2.1.15
44 silly idealTree +-- mongodb@2.2.31
44 silly idealTree | `-- readable-stream@2.2.7
44 silly idealTree +-- monk@4.1.0
44 silly idealTree +-- morgan@1.7.0
44 silly idealTree | +-- debug@2.2.0
44 silly idealTree | `-- ms@0.7.1
44 silly idealTree +-- ms@0.7.2
44 silly idealTree +-- negotiator@0.6.1
44 silly idealTree +-- normalize-path@2.1.1
44 silly idealTree +-- null-check@1.0.0
44 silly idealTree +-- oauth-sign@0.8.2
44 silly idealTree +-- object-assign@4.1.0
44 silly idealTree +-- object-component@0.0.3
44 silly idealTree +-- object.omit@2.0.1
44 silly idealTree +-- on-finished@2.3.0
44 silly idealTree +-- on-headers@1.0.1
44 silly idealTree +-- once@1.4.0
44 silly idealTree +-- opener@1.4.3
44 silly idealTree +-- optimist@0.6.1
44 silly idealTree | `-- minimist@0.0.10
44 silly idealTree +-- options@0.0.6
44 silly idealTree +-- os-tmpdir@1.0.2
44 silly idealTree +-- parse-glob@3.0.4
44 silly idealTree +-- parsejson@0.0.3
44 silly idealTree +-- parseqs@0.0.5
44 silly idealTree +-- parseuri@0.0.5
44 silly idealTree +-- parseurl@1.3.1
44 silly idealTree +-- path-is-absolute@1.0.1
44 silly idealTree +-- path-is-inside@1.0.2
44 silly idealTree +-- path-to-regexp@0.1.7
44 silly idealTree +-- performance-now@0.2.0
44 silly idealTree +-- pify@2.3.0
44 silly idealTree +-- pinkie-promise@2.0.1
44 silly idealTree +-- pinkie@2.0.4
44 silly idealTree +-- portfinder@0.4.0
44 silly idealTree +-- preserve@0.2.0
44 silly idealTree +-- process-nextick-args@1.0.7
44 silly idealTree +-- protractor@4.0.14
44 silly idealTree | +-- semver@5.4.1
44 silly idealTree | `-- webdriver-manager@10.3.0
44 silly idealTree +-- proxy-addr@1.1.5
44 silly idealTree +-- punycode@1.4.1
44 silly idealTree +-- q@1.4.1
44 silly idealTree +-- qs@6.2.1
44 silly idealTree +-- randomatic@1.1.7
44 silly idealTree | +-- is-number@3.0.0
44 silly idealTree | | `-- kind-of@3.2.2
44 silly idealTree | `-- kind-of@4.0.0
44 silly idealTree +-- range-parser@1.2.0
44 silly idealTree +-- raw-body@2.2.0
44 silly idealTree +-- readable-stream@2.3.3
44 silly idealTree +-- readdirp@2.1.0
44 silly idealTree +-- regex-cache@0.4.4
44 silly idealTree +-- remove-trailing-separator@1.1.0
44 silly idealTree +-- repeat-element@1.1.2
44 silly idealTree +-- repeat-string@1.6.1
44 silly idealTree +-- request@2.81.0
44 silly idealTree | `-- qs@6.4.0
44 silly idealTree +-- require_optional@1.0.1
44 silly idealTree | `-- semver@5.4.1
44 silly idealTree +-- requires-port@1.0.0
44 silly idealTree +-- resolve-from@2.0.0
44 silly idealTree +-- rimraf@2.6.1
44 silly idealTree +-- safe-buffer@5.1.1
44 silly idealTree +-- saucelabs@1.3.0
44 silly idealTree +-- sax@0.6.1
44 silly idealTree +-- selenium-webdriver@2.53.3
44 silly idealTree | +-- adm-zip@0.4.4
44 silly idealTree | `-- tmp@0.0.24
44 silly idealTree +-- semver@4.3.6
44 silly idealTree +-- send@0.14.2
44 silly idealTree | `-- debug@2.2.0
44 silly idealTree |   `-- ms@0.7.1
44 silly idealTree +-- serve-favicon@2.3.2
44 silly idealTree +-- serve-static@1.11.2
44 silly idealTree +-- set-immediate-shim@1.0.1
44 silly idealTree +-- setprototypeof@1.0.2
44 silly idealTree +-- sigmund@1.0.1
44 silly idealTree +-- sntp@1.0.9
44 silly idealTree +-- socket.io-adapter@0.5.0
44 silly idealTree | `-- debug@2.3.3
44 silly idealTree +-- socket.io-client@1.7.4
44 silly idealTree | +-- component-emitter@1.2.1
44 silly idealTree | `-- debug@2.3.3
44 silly idealTree +-- socket.io-parser@2.3.1
44 silly idealTree | +-- debug@2.2.0
44 silly idealTree | +-- isarray@0.0.1
44 silly idealTree | `-- ms@0.7.1
44 silly idealTree +-- socket.io@1.7.4
44 silly idealTree | `-- debug@2.3.3
44 silly idealTree +-- source-map-support@0.4.17
44 silly idealTree +-- source-map@0.5.7
44 silly idealTree +-- sshpk@1.13.1
44 silly idealTree | `-- assert-plus@1.0.0
44 silly idealTree +-- statuses@1.3.1
44 silly idealTree +-- string_decoder@1.0.3
44 silly idealTree +-- stringstream@0.0.5
44 silly idealTree +-- strip-ansi@3.0.1
44 silly idealTree +-- supports-color@2.0.0
44 silly idealTree +-- tmp@0.0.33
44 silly idealTree +-- to-array@0.1.4
44 silly idealTree +-- tough-cookie@2.3.2
44 silly idealTree +-- tunnel-agent@0.6.0
44 silly idealTree +-- tweetnacl@0.14.5
44 silly idealTree +-- type-is@1.6.15
44 silly idealTree +-- ultron@1.0.2
44 silly idealTree +-- union@0.4.6
44 silly idealTree | `-- qs@2.3.3
44 silly idealTree +-- unpipe@1.0.0
44 silly idealTree +-- url-join@1.1.0
44 silly idealTree +-- useragent@2.2.1
44 silly idealTree +-- util-deprecate@1.0.2
44 silly idealTree +-- utils-merge@1.0.0
44 silly idealTree +-- uuid@3.1.0
44 silly idealTree +-- vary@1.1.1
44 silly idealTree +-- verror@1.10.0
44 silly idealTree | `-- assert-plus@1.0.0
44 silly idealTree +-- void-elements@2.0.1
44 silly idealTree +-- which@1.3.0
44 silly idealTree +-- wordwrap@0.0.3
44 silly idealTree +-- wrappy@1.0.2
44 silly idealTree +-- ws@1.1.4
44 silly idealTree +-- wtf-8@1.0.0
44 silly idealTree +-- xml2js@0.4.4
44 silly idealTree +-- xmlbuilder@3.1.0
44 silly idealTree +-- xmlhttprequest-ssl@1.5.3
44 silly idealTree `-- yeast@0.1.2
45 silly generateActionsToTake Starting
46 silly install generateActionsToTake
47 silly generateActionsToTake Finishing
48 silly diffTrees action count 0
49 silly decomposeActions action count 0
50 silly runTopLevelLifecycles Starting
51 silly install runPreinstallTopLevelLifecycles
52 silly preinstall publicfeed@1.0.0 E:\node\angular-seed-master\publicfeed-23da3531
53 info lifecycle publicfeed@1.0.0~preinstall: publicfeed@1.0.0
54 silly lifecycle publicfeed@1.0.0~preinstall: no script for preinstall, continuing
55 silly executeActions Starting
56 silly install executeActions
57 silly doSerial global-install 0
58 silly doParallel fetch 0
59 verbose correctMkdir C:\Users\admin\AppData\Roaming\npm-cache\_locks correctMkdir not in flight; initializing
60 verbose lock using C:\Users\admin\AppData\Roaming\npm-cache\_locks\staging-9b49d1c3c437e9dc.lock for E:\node\angular-seed-master\node_modules\.staging
61 silly doParallel extract 0
62 silly doParallel preinstall 0
63 silly doReverseSerial remove 0
64 silly doSerial move 0
65 silly doSerial finalize 0
66 silly doSerial build 0
67 silly doSerial global-link 0
68 silly doParallel update-linked 0
69 silly doSerial install 0
70 silly doSerial postinstall 0
71 verbose unlock done using C:\Users\admin\AppData\Roaming\npm-cache\_locks\staging-9b49d1c3c437e9dc.lock for E:\node\angular-seed-master\node_modules\.staging
72 silly executeActions Finishing
73 silly rollbackFailedOptional Starting
74 silly rollbackFailedOptional Finishing
75 silly install runPostinstallTopLevelLifecycles
76 silly build publicfeed@1.0.0
77 info linkStuff publicfeed@1.0.0
78 silly linkStuff publicfeed@1.0.0 has E:\node as its parent node_modules
79 verbose linkBins publicfeed@1.0.0
80 verbose linkMans publicfeed@1.0.0
81 silly install publicfeed@1.0.0 E:\node\angular-seed-master\publicfeed-23da3531
82 info lifecycle publicfeed@1.0.0~install: publicfeed@1.0.0
83 silly lifecycle publicfeed@1.0.0~install: no script for install, continuing
84 silly postinstall publicfeed@1.0.0 E:\node\angular-seed-master\publicfeed-23da3531
85 info lifecycle publicfeed@1.0.0~postinstall: publicfeed@1.0.0
86 verbose lifecycle publicfeed@1.0.0~postinstall: unsafe-perm in lifecycle true
87 verbose lifecycle publicfeed@1.0.0~postinstall: PATH: C:\Program Files\nodejs\node_modules\npm\bin\node-gyp-bin;E:\node\angular-seed-master\node_modules\.bin;C:\Windows\system32;C:\Windows;C:\Windows\System32\Wbem;C:\Windows\System32\WindowsPowerShell\v1.0\;C:\Program Files\nodejs\;C:\Program Files\Git\cmd;C:\Program Files\Microsoft\Web Platform Installer\;C:\Program Files (x86)\Git\cmd;C:\Program Files (x86)\GitExtensions\;C:\Program Files (x86)\Skype\Phone\;C:\Ruby24-x64\bin;C:\Users\admin\AppData\Roaming\npm
88 verbose lifecycle publicfeed@1.0.0~postinstall: CWD: E:\node\angular-seed-master
89 silly lifecycle publicfeed@1.0.0~postinstall: Args: [ '/d /s /c', 'bower install' ]
90 info lifecycle publicfeed@1.0.0~postinstall: Failed to exec postinstall script
91 warn optional SKIPPING OPTIONAL DEPENDENCY: fsevents@^1.0.0 (node_modules\chokidar\node_modules\fsevents):
92 warn notsup SKIPPING OPTIONAL DEPENDENCY: Unsupported platform for fsevents@1.1.2: wanted {"os":"darwin","arch":"any"} (current: {"os":"win32","arch":"x64"})
93 verbose notsup SKIPPING OPTIONAL DEPENDENCY: Valid OS:    darwin
93 verbose notsup SKIPPING OPTIONAL DEPENDENCY: Valid Arch:  any
93 verbose notsup SKIPPING OPTIONAL DEPENDENCY: Actual OS:   win32
93 verbose notsup SKIPPING OPTIONAL DEPENDENCY: Actual Arch: x64
94 verbose stack Error: publicfeed@1.0.0 postinstall: `bower install`
94 verbose stack spawn C:\Ruby24-x64\bin;C:\Users\admin\AppData\Roaming\npm ENOENT
94 verbose stack     at exports._errnoException (util.js:1022:11)
94 verbose stack     at Process.ChildProcess._handle.onexit (internal/child_process.js:193:32)
94 verbose stack     at onErrorNT (internal/child_process.js:359:16)
94 verbose stack     at _combinedTickCallback (internal/process/next_tick.js:74:11)
94 verbose stack     at process._tickCallback (internal/process/next_tick.js:98:9)
95 verbose pkgid publicfeed@1.0.0
96 verbose cwd E:\node\angular-seed-master
97 error Windows_NT 6.3.9600
98 error argv "C:\\Program Files\\nodejs\\node.exe" "C:\\Program Files\\nodejs\\node_modules\\npm\\bin\\npm-cli.js" "install"
99 error node v6.9.2
100 error npm  v3.10.9
101 error file C:\Ruby24-x64\bin;C:\Users\admin\AppData\Roaming\npm
102 error path C:\Ruby24-x64\bin;C:\Users\admin\AppData\Roaming\npm
103 error code ELIFECYCLE
104 error errno ENOENT
105 error syscall spawn C:\Ruby24-x64\bin;C:\Users\admin\AppData\Roaming\npm
106 error publicfeed@1.0.0 postinstall: `bower install`
106 error spawn C:\Ruby24-x64\bin;C:\Users\admin\AppData\Roaming\npm ENOENT
107 error Failed at the publicfeed@1.0.0 postinstall script 'bower install'.
107 error Make sure you have the latest version of node.js and npm installed.
107 error If you do, this is most likely a problem with the publicfeed package,
107 error not with npm itself.
107 error Tell the author that this fails on your system:
107 error     bower install
107 error You can get information on how to open an issue for this project with:
107 error     npm bugs publicfeed
107 error Or if that isn't available, you can get their info via:
107 error     npm owner ls publicfeed
107 error There is likely additional logging output above.
108 verbose exit [ 1, true ]
